{
"contracts\\DutchAuction.sol":{"l":{"20":48,"21":48,"22":48,"23":48,"24":48,"25":48,"26":48,"27":48,"28":48,"30":48,"32":48,"33":48,"40":14,"42":12,"44":11,"47":9,"48":9,"50":9,"51":9,"52":4,"53":4,"55":5,"58":9,"62":13,"64":8,"66":6,"68":4,"69":4,"74":0,"75":0,"76":0,"77":0,"79":0,"80":0,"88":40,"92":8,"93":8},"path":"C:\\Users\\kaustubh\\Desktop\\token\\contracts\\DutchAuction.sol","s":{"1":48,"2":48,"3":48,"4":14,"5":12,"6":11,"7":9,"8":9,"9":9,"10":4,"11":9,"12":13,"13":8,"14":6,"15":4,"16":0,"17":0,"18":0,"19":0,"20":0,"21":40,"22":8,"23":8},"b":{"1":[48,0],"2":[48,0],"3":[48,0],"4":[12,2],"5":[11,1],"6":[9,2],"7":[9,0],"8":[9,0],"9":[4,5],"10":[8,5],"11":[5,3],"12":[6,2],"13":[4,2],"14":[0,0],"15":[0,0],"16":[0,0],"17":[0,0],"18":[8,0]},"f":{"1":48,"2":14,"3":13,"4":0,"5":40,"6":8},"fnMap":{"1":{"name":"constructor","line":18,"loc":{"start":{"line":18,"column":4},"end":{"line":35,"column":4}}},"2":{"name":"bid","line":37,"loc":{"start":{"line":37,"column":4},"end":{"line":59,"column":4}}},"3":{"name":"finalize","line":61,"loc":{"start":{"line":61,"column":4},"end":{"line":71,"column":4}}},"4":{"name":"refund","line":73,"loc":{"start":{"line":73,"column":4},"end":{"line":81,"column":4}}},"5":{"name":"nop","line":87,"loc":{"start":{"line":87,"column":4},"end":{"line":89,"column":4}}},"6":{"name":"_transfer","line":91,"loc":{"start":{"line":91,"column":4},"end":{"line":94,"column":4}}}},"statementMap":{"1":{"start":{"line":20,"column":8},"end":{"line":20,"column":33}},"2":{"start":{"line":23,"column":8},"end":{"line":23,"column":41}},"3":{"start":{"line":26,"column":8},"end":{"line":26,"column":40}},"4":{"start":{"line":40,"column":8},"end":{"line":40,"column":89}},"5":{"start":{"line":42,"column":8},"end":{"line":42,"column":47}},"6":{"start":{"line":44,"column":8},"end":{"line":44,"column":1396}},"7":{"start":{"line":47,"column":8},"end":{"line":47,"column":62}},"8":{"start":{"line":48,"column":8},"end":{"line":48,"column":39}},"9":{"start":{"line":51,"column":8},"end":{"line":51,"column":1671}},"10":{"start":{"line":53,"column":12},"end":{"line":53,"column":46}},"11":{"start":{"line":58,"column":8},"end":{"line":58,"column":25}},"12":{"start":{"line":62,"column":8},"end":{"line":62,"column":73}},"13":{"start":{"line":64,"column":8},"end":{"line":64,"column":27}},"14":{"start":{"line":66,"column":8},"end":{"line":66,"column":41}},"15":{"start":{"line":69,"column":8},"end":{"line":69,"column":54}},"16":{"start":{"line":74,"column":8},"end":{"line":74,"column":42}},"17":{"start":{"line":75,"column":8},"end":{"line":75,"column":27}},"18":{"start":{"line":76,"column":8},"end":{"line":76,"column":32}},"19":{"start":{"line":77,"column":8},"end":{"line":77,"column":53}},"20":{"start":{"line":80,"column":8},"end":{"line":80,"column":45}},"21":{"start":{"line":88,"column":8},"end":{"line":88,"column":19}},"22":{"start":{"line":92,"column":8},"end":{"line":92,"column":53}},"23":{"start":{"line":93,"column":8},"end":{"line":93,"column":43}}},"branchMap":{"1":{"line":20,"type":"if","locations":[{"start":{"line":20,"column":8},"end":{"line":20,"column":8}},{"start":{"line":20,"column":8},"end":{"line":20,"column":8}}]},"2":{"line":23,"type":"if","locations":[{"start":{"line":23,"column":8},"end":{"line":23,"column":8}},{"start":{"line":23,"column":8},"end":{"line":23,"column":8}}]},"3":{"line":26,"type":"if","locations":[{"start":{"line":26,"column":8},"end":{"line":26,"column":8}},{"start":{"line":26,"column":8},"end":{"line":26,"column":8}}]},"4":{"line":40,"type":"if","locations":[{"start":{"line":40,"column":8},"end":{"line":40,"column":8}},{"start":{"line":40,"column":8},"end":{"line":40,"column":8}}]},"5":{"line":42,"type":"if","locations":[{"start":{"line":42,"column":8},"end":{"line":42,"column":8}},{"start":{"line":42,"column":8},"end":{"line":42,"column":8}}]},"6":{"line":44,"type":"if","locations":[{"start":{"line":44,"column":8},"end":{"line":44,"column":8}},{"start":{"line":44,"column":8},"end":{"line":44,"column":8}}]},"7":{"line":47,"type":"if","locations":[{"start":{"line":47,"column":8},"end":{"line":47,"column":8}},{"start":{"line":47,"column":8},"end":{"line":47,"column":8}}]},"8":{"line":48,"type":"if","locations":[{"start":{"line":48,"column":8},"end":{"line":48,"column":8}},{"start":{"line":48,"column":8},"end":{"line":48,"column":8}}]},"9":{"line":51,"type":"if","locations":[{"start":{"line":51,"column":8},"end":{"line":51,"column":8}},{"start":{"line":51,"column":8},"end":{"line":51,"column":8}}]},"10":{"line":62,"type":"if","locations":[{"start":{"line":62,"column":8},"end":{"line":62,"column":8}},{"start":{"line":62,"column":8},"end":{"line":62,"column":8}}]},"11":{"line":62,"type":"cond-expr","locations":[{"start":{"line":62,"column":16},"end":{"line":62,"column":41}},{"start":{"line":62,"column":46},"end":{"line":62,"column":72}}]},"12":{"line":64,"type":"if","locations":[{"start":{"line":64,"column":8},"end":{"line":64,"column":8}},{"start":{"line":64,"column":8},"end":{"line":64,"column":8}}]},"13":{"line":66,"type":"if","locations":[{"start":{"line":66,"column":8},"end":{"line":66,"column":8}},{"start":{"line":66,"column":8},"end":{"line":66,"column":8}}]},"14":{"line":74,"type":"if","locations":[{"start":{"line":74,"column":8},"end":{"line":74,"column":8}},{"start":{"line":74,"column":8},"end":{"line":74,"column":8}}]},"15":{"line":75,"type":"if","locations":[{"start":{"line":75,"column":8},"end":{"line":75,"column":8}},{"start":{"line":75,"column":8},"end":{"line":75,"column":8}}]},"16":{"line":76,"type":"if","locations":[{"start":{"line":76,"column":8},"end":{"line":76,"column":8}},{"start":{"line":76,"column":8},"end":{"line":76,"column":8}}]},"17":{"line":77,"type":"if","locations":[{"start":{"line":77,"column":8},"end":{"line":77,"column":8}},{"start":{"line":77,"column":8},"end":{"line":77,"column":8}}]},"18":{"line":93,"type":"if","locations":[{"start":{"line":93,"column":8},"end":{"line":93,"column":8}},{"start":{"line":93,"column":8},"end":{"line":93,"column":8}}]}}}}
