TN:
SF:C:\Users\kaustubh\Desktop\token\contracts\DutchAuction.sol
FN:18,constructor
FN:37,bid
FN:61,finalize
FN:73,refund
FN:87,nop
FN:91,_transfer
FNF:6
FNH:5
FNDA:48,constructor
FNDA:14,bid
FNDA:13,finalize
FNDA:0,refund
FNDA:40,nop
FNDA:8,_transfer
DA:20,48
DA:21,48
DA:22,48
DA:23,48
DA:24,48
DA:25,48
DA:26,48
DA:27,48
DA:28,48
DA:30,48
DA:32,48
DA:33,48
DA:40,14
DA:42,12
DA:44,11
DA:47,9
DA:48,9
DA:50,9
DA:51,9
DA:52,4
DA:53,4
DA:55,5
DA:58,9
DA:62,13
DA:64,8
DA:66,6
DA:68,4
DA:69,4
DA:74,0
DA:75,0
DA:76,0
DA:77,0
DA:79,0
DA:80,0
DA:88,40
DA:92,8
DA:93,8
LF:37
LH:31
BRDA:20,1,0,48
BRDA:20,1,1,0
BRDA:23,2,0,48
BRDA:23,2,1,0
BRDA:26,3,0,48
BRDA:26,3,1,0
BRDA:40,4,0,12
BRDA:40,4,1,2
BRDA:42,5,0,11
BRDA:42,5,1,1
BRDA:44,6,0,9
BRDA:44,6,1,2
BRDA:47,7,0,9
BRDA:47,7,1,0
BRDA:48,8,0,9
BRDA:48,8,1,0
BRDA:51,9,0,4
BRDA:51,9,1,5
BRDA:62,10,0,8
BRDA:62,10,1,5
BRDA:62,11,0,5
BRDA:62,11,1,3
BRDA:64,12,0,6
BRDA:64,12,1,2
BRDA:66,13,0,4
BRDA:66,13,1,2
BRDA:74,14,0,0
BRDA:74,14,1,0
BRDA:75,15,0,0
BRDA:75,15,1,0
BRDA:76,16,0,0
BRDA:76,16,1,0
BRDA:77,17,0,0
BRDA:77,17,1,0
BRDA:93,18,0,8
BRDA:93,18,1,0
BRF:36
BRH:22
end_of_record
